[2023-01-04 23:27:25.426] [INFO ] [main] com.springboot.api.ApiApplication Starting ApiApplication using Java 1.8.0_192 on DESKTOP-J06V0NE with PID 25384 (C:\SSAFY\workspace\스프링공부\스프링부트핵심가이드\실습파일\api\target\classes started by 김경삼 in C:\SSAFY\workspace\스프링공부\스프링부트핵심가이드\실습파일)
[2023-01-04 23:27:25.428] [INFO ] [main] com.springboot.api.ApiApplication No active profile set, falling back to default profiles: default
[2023-01-04 23:27:26.338] [INFO ] [main] org.springframework.boot.web.embedded.tomcat.TomcatWebServer Tomcat initialized with port(s): 8080 (http)
[2023-01-04 23:27:26.345] [INFO ] [main] org.apache.coyote.http11.Http11NioProtocol Initializing ProtocolHandler ["http-nio-8080"]
[2023-01-04 23:27:26.346] [INFO ] [main] org.apache.catalina.core.StandardService Starting service [Tomcat]
[2023-01-04 23:27:26.346] [INFO ] [main] org.apache.catalina.core.StandardEngine Starting Servlet engine: [Apache Tomcat/9.0.54]
[2023-01-04 23:27:26.434] [INFO ] [main] org.apache.catalina.core.ContainerBase.[Tomcat].[localhost].[/] Initializing Spring embedded WebApplicationContext
[2023-01-04 23:27:26.434] [INFO ] [main] org.springframework.boot.web.servlet.context.ServletWebServerApplicationContext Root WebApplicationContext: initialization completed in 970 ms
[2023-01-04 23:27:26.712] [INFO ] [main] springfox.documentation.spring.web.PropertySourcedRequestMappingHandlerMapping Mapped URL path [/v2/api-docs] onto method [springfox.documentation.swagger2.web.Swagger2Controller#getDocumentation(String, HttpServletRequest)]
[2023-01-04 23:27:26.864] [INFO ] [main] org.apache.coyote.http11.Http11NioProtocol Starting ProtocolHandler ["http-nio-8080"]
[2023-01-04 23:27:26.876] [INFO ] [main] org.springframework.boot.web.embedded.tomcat.TomcatWebServer Tomcat started on port(s): 8080 (http) with context path ''
[2023-01-04 23:27:26.877] [INFO ] [main] springfox.documentation.spring.web.plugins.DocumentationPluginsBootstrapper Context refreshed
[2023-01-04 23:27:26.891] [INFO ] [main] springfox.documentation.spring.web.plugins.DocumentationPluginsBootstrapper Found 1 custom documentation plugin(s)
[2023-01-04 23:27:26.916] [INFO ] [main] springfox.documentation.spring.web.scanners.ApiListingReferenceScanner Scanning for api listing references
[2023-01-04 23:27:27.015] [INFO ] [main] com.springboot.api.ApiApplication Started ApiApplication in 1.974 seconds (JVM running for 2.78)
[2023-01-04 23:27:34.249] [INFO ] [http-nio-8080-exec-1] org.apache.catalina.core.ContainerBase.[Tomcat].[localhost].[/] Initializing Spring DispatcherServlet 'dispatcherServlet'
[2023-01-04 23:27:34.250] [INFO ] [http-nio-8080-exec-1] org.springframework.web.servlet.DispatcherServlet Initializing Servlet 'dispatcherServlet'
[2023-01-04 23:27:34.250] [INFO ] [http-nio-8080-exec-1] org.springframework.web.servlet.DispatcherServlet Completed initialization in 0 ms
[2023-01-04 23:32:25.208] [INFO ] [http-nio-8080-exec-2] com.springboot.api.controller.GetController getHello 메소드가 호출되었습니다.
[2023-01-04 23:33:35.260] [INFO ] [main] com.springboot.api.ApiApplication Starting ApiApplication using Java 1.8.0_192 on DESKTOP-J06V0NE with PID 1460 (C:\SSAFY\workspace\스프링공부\스프링부트핵심가이드\실습파일\api\target\classes started by 김경삼 in C:\SSAFY\workspace\스프링공부\스프링부트핵심가이드\실습파일)
[2023-01-04 23:33:35.263] [INFO ] [main] com.springboot.api.ApiApplication No active profile set, falling back to default profiles: default
[2023-01-04 23:33:36.216] [INFO ] [main] org.springframework.boot.web.embedded.tomcat.TomcatWebServer Tomcat initialized with port(s): 8080 (http)
[2023-01-04 23:33:36.223] [INFO ] [main] org.apache.coyote.http11.Http11NioProtocol Initializing ProtocolHandler ["http-nio-8080"]
[2023-01-04 23:33:36.224] [INFO ] [main] org.apache.catalina.core.StandardService Starting service [Tomcat]
[2023-01-04 23:33:36.224] [INFO ] [main] org.apache.catalina.core.StandardEngine Starting Servlet engine: [Apache Tomcat/9.0.54]
[2023-01-04 23:33:36.320] [INFO ] [main] org.apache.catalina.core.ContainerBase.[Tomcat].[localhost].[/] Initializing Spring embedded WebApplicationContext
[2023-01-04 23:33:36.320] [INFO ] [main] org.springframework.boot.web.servlet.context.ServletWebServerApplicationContext Root WebApplicationContext: initialization completed in 1025 ms
[2023-01-04 23:33:36.663] [INFO ] [main] springfox.documentation.spring.web.PropertySourcedRequestMappingHandlerMapping Mapped URL path [/v2/api-docs] onto method [springfox.documentation.swagger2.web.Swagger2Controller#getDocumentation(String, HttpServletRequest)]
[2023-01-04 23:33:36.822] [INFO ] [main] org.apache.coyote.http11.Http11NioProtocol Starting ProtocolHandler ["http-nio-8080"]
[2023-01-04 23:33:36.835] [INFO ] [main] org.springframework.boot.web.embedded.tomcat.TomcatWebServer Tomcat started on port(s): 8080 (http) with context path ''
[2023-01-04 23:33:36.836] [INFO ] [main] springfox.documentation.spring.web.plugins.DocumentationPluginsBootstrapper Context refreshed
[2023-01-04 23:33:36.850] [INFO ] [main] springfox.documentation.spring.web.plugins.DocumentationPluginsBootstrapper Found 1 custom documentation plugin(s)
[2023-01-04 23:33:36.878] [INFO ] [main] springfox.documentation.spring.web.scanners.ApiListingReferenceScanner Scanning for api listing references
[2023-01-04 23:33:37.022] [INFO ] [main] com.springboot.api.ApiApplication Started ApiApplication in 2.286 seconds (JVM running for 3.201)
[2023-01-04 23:53:39.476] [INFO ] [http-nio-8080-exec-1] org.apache.catalina.core.ContainerBase.[Tomcat].[localhost].[/] Initializing Spring DispatcherServlet 'dispatcherServlet'
[2023-01-04 23:53:39.476] [INFO ] [http-nio-8080-exec-1] org.springframework.web.servlet.DispatcherServlet Initializing Servlet 'dispatcherServlet'
[2023-01-04 23:53:39.478] [INFO ] [http-nio-8080-exec-1] org.springframework.web.servlet.DispatcherServlet Completed initialization in 2 ms
