[2022-12-11 20:48:22.319] [INFO ] [main] com.springboot.api.ApiApplication Starting ApiApplication using Java 1.8.0_261 on DESKTOP-F4F7D3R with PID 19252 (C:\SSAFY\workspace\IntelliJ\스프링부트핵심가이드\springboot-main\chapter5_api\target\classes started by Kyungsam Kim in C:\SSAFY\workspace\IntelliJ\스프링부트핵심가이드\springboot-main\chapter5_api)
[2022-12-11 20:48:22.323] [INFO ] [main] com.springboot.api.ApiApplication No active profile set, falling back to default profiles: default
[2022-12-11 20:48:23.394] [INFO ] [main] org.springframework.boot.web.embedded.tomcat.TomcatWebServer Tomcat initialized with port(s): 8080 (http)
[2022-12-11 20:48:23.404] [INFO ] [main] org.apache.coyote.http11.Http11NioProtocol Initializing ProtocolHandler ["http-nio-8080"]
[2022-12-11 20:48:23.406] [INFO ] [main] org.apache.catalina.core.StandardService Starting service [Tomcat]
[2022-12-11 20:48:23.406] [INFO ] [main] org.apache.catalina.core.StandardEngine Starting Servlet engine: [Apache Tomcat/9.0.54]
[2022-12-11 20:48:23.515] [INFO ] [main] org.apache.catalina.core.ContainerBase.[Tomcat].[localhost].[/] Initializing Spring embedded WebApplicationContext
[2022-12-11 20:48:23.516] [INFO ] [main] org.springframework.boot.web.servlet.context.ServletWebServerApplicationContext Root WebApplicationContext: initialization completed in 1133 ms
[2022-12-11 20:48:23.893] [INFO ] [main] springfox.documentation.spring.web.PropertySourcedRequestMappingHandlerMapping Mapped URL path [/v2/api-docs] onto method [springfox.documentation.swagger2.web.Swagger2Controller#getDocumentation(String, HttpServletRequest)]
[2022-12-11 20:48:24.079] [INFO ] [main] org.apache.coyote.http11.Http11NioProtocol Starting ProtocolHandler ["http-nio-8080"]
[2022-12-11 20:48:24.096] [INFO ] [main] org.springframework.boot.web.embedded.tomcat.TomcatWebServer Tomcat started on port(s): 8080 (http) with context path ''
[2022-12-11 20:48:24.098] [INFO ] [main] springfox.documentation.spring.web.plugins.DocumentationPluginsBootstrapper Context refreshed
[2022-12-11 20:48:24.121] [INFO ] [main] springfox.documentation.spring.web.plugins.DocumentationPluginsBootstrapper Found 1 custom documentation plugin(s)
[2022-12-11 20:48:24.153] [INFO ] [main] springfox.documentation.spring.web.scanners.ApiListingReferenceScanner Scanning for api listing references
[2022-12-11 20:48:24.399] [INFO ] [main] com.springboot.api.ApiApplication Started ApiApplication in 2.973 seconds (JVM running for 4.254)
[2022-12-11 20:48:49.280] [INFO ] [http-nio-8080-exec-1] org.apache.catalina.core.ContainerBase.[Tomcat].[localhost].[/] Initializing Spring DispatcherServlet 'dispatcherServlet'
[2022-12-11 20:48:49.280] [INFO ] [http-nio-8080-exec-1] org.springframework.web.servlet.DispatcherServlet Initializing Servlet 'dispatcherServlet'
[2022-12-11 20:48:49.282] [INFO ] [http-nio-8080-exec-1] org.springframework.web.servlet.DispatcherServlet Completed initialization in 2 ms
[2022-12-11 20:48:49.328] [INFO ] [http-nio-8080-exec-1] com.springboot.api.controller.GetController getHello 메소드가 호출되었습니다.
[2022-12-11 20:49:07.224] [INFO ] [http-nio-8080-exec-2] com.springboot.api.controller.GetController getName 메소드가 호출되었습니다.
